<?xml version="1.0" encoding="UTF-8"?>
<testng-results skipped="0" failed="0" ignored="0" total="2" passed="2">
  <reporter-output>
    <line>
      <![CDATA[Application opened]]>
    </line>
    <line>
      <![CDATA[Application opened]]>
    </line>
  </reporter-output>
  <suite name="Default suite" duration-ms="153841" started-at="2020-02-07T00:45:27 IST" finished-at="2020-02-07T00:48:01 IST">
    <groups>
    </groups>
    <test name="Default test" duration-ms="153841" started-at="2020-02-07T00:45:27 IST" finished-at="2020-02-07T00:48:01 IST">
      <class name="com.bank.testscripts.TC001">
        <test-method status="PASS" signature="testng()[pri:0, instance:com.bank.testscripts.TC001@6f195bc3]" name="testng" duration-ms="120104" started-at="2020-02-07T00:45:27 IST" finished-at="2020-02-07T00:47:27 IST">
          <reporter-output>
          </reporter-output>
        </test-method> <!-- testng -->
      </class> <!-- com.bank.testscripts.TC001 -->
      <class name="com.bank.testscripts.TC002">
        <test-method status="PASS" signature="tc001()[pri:0, instance:com.bank.testscripts.TC002@51e2adc7]" name="tc001" duration-ms="33672" started-at="2020-02-07T00:47:27 IST" finished-at="2020-02-07T00:48:01 IST">
          <reporter-output>
            <line>
              <![CDATA[Application opened]]>
            </line>
            <line>
              <![CDATA[Application opened]]>
            </line>
          </reporter-output>
        </test-method> <!-- tc001 -->
      </class> <!-- com.bank.testscripts.TC002 -->
    </test> <!-- Default test -->
  </suite> <!-- Default suite -->
</testng-results>
